d:\file exchange\localisation_in_wsn_v12\workspace_localization_wsn\src\simulation\zigbee\x64\debug\vc142.pdb
d:\file exchange\localisation_in_wsn_v12\workspace_localization_wsn\src\simulation\zigbee\x64\debug\vc142.idb
d:\file exchange\localisation_in_wsn_v12\workspace_localization_wsn\src\simulation\zigbee\x64\debug\unslottedcsmaca.obj
d:\file exchange\localisation_in_wsn_v12\workspace_localization_wsn\src\simulation\zigbee\x64\debug\superframe.obj
d:\file exchange\localisation_in_wsn_v12\workspace_localization_wsn\src\simulation\zigbee\x64\debug\slottedcsmaca.obj
d:\file exchange\localisation_in_wsn_v12\workspace_localization_wsn\src\simulation\zigbee\x64\debug\sinrcalculation.obj
d:\file exchange\localisation_in_wsn_v12\workspace_localization_wsn\src\simulation\zigbee\x64\debug\locatebackoffboundary.obj
d:\file exchange\localisation_in_wsn_v12\workspace_localization_wsn\src\simulation\zigbee\x64\debug\localisation.obj
d:\file exchange\localisation_in_wsn_v12\workspace_localization_wsn\src\simulation\zigbee\x64\debug\changeradiostate.obj
d:\file exchange\localisation_in_wsn_v12\workspace_localization_wsn\src\simulation\zigbee\x64\debug\cca.obj
d:\file exchange\localisation_in_wsn_v12\workspace_localization_wsn\src\simulation\zigbee\x64\debug\bercalculation.obj
d:\file exchange\localisation_in_wsn_v12\workspace_localization_wsn\src\simulation\zigbee\x64\debug\backoffcalculation.obj
d:\file exchange\localisation_in_wsn_v12\workspace_localization_wsn\src\simulation\zigbee\x64\debug\802_15_4.obj
d:\file exchange\localisation_in_wsn_v12\workspace_localization_wsn\bin\bin_x64\libzigbee.dll
d:\file exchange\localisation_in_wsn_v12\workspace_localization_wsn\bin\bin_x64\zigbee.pdb
d:\file exchange\localisation_in_wsn_v12\workspace_localization_wsn\bin\bin_x64\zigbee.lib
d:\file exchange\localisation_in_wsn_v12\workspace_localization_wsn\bin\bin_x64\zigbee.exp
e:\projects\localisation_in_wsn_v12\workspace_localization_wsn\src\simulation\zigbee\x64\debug\802_15_4.obj
e:\projects\localisation_in_wsn_v12\workspace_localization_wsn\src\simulation\zigbee\x64\debug\backoffcalculation.obj
e:\projects\localisation_in_wsn_v12\workspace_localization_wsn\src\simulation\zigbee\x64\debug\bercalculation.obj
e:\projects\localisation_in_wsn_v12\workspace_localization_wsn\src\simulation\zigbee\x64\debug\cca.obj
e:\projects\localisation_in_wsn_v12\workspace_localization_wsn\src\simulation\zigbee\x64\debug\changeradiostate.obj
e:\projects\localisation_in_wsn_v12\workspace_localization_wsn\src\simulation\zigbee\x64\debug\localisation.obj
e:\projects\localisation_in_wsn_v12\workspace_localization_wsn\src\simulation\zigbee\x64\debug\locatebackoffboundary.obj
e:\projects\localisation_in_wsn_v12\workspace_localization_wsn\src\simulation\zigbee\x64\debug\sinrcalculation.obj
e:\projects\localisation_in_wsn_v12\workspace_localization_wsn\src\simulation\zigbee\x64\debug\slottedcsmaca.obj
e:\projects\localisation_in_wsn_v12\workspace_localization_wsn\src\simulation\zigbee\x64\debug\superframe.obj
e:\projects\localisation_in_wsn_v12\workspace_localization_wsn\src\simulation\zigbee\x64\debug\unslottedcsmaca.obj
e:\projects\localisation_in_wsn_v12\workspace_localization_wsn\src\simulation\zigbee\x64\debug\vc142.idb
e:\projects\localisation_in_wsn_v12\workspace_localization_wsn\src\simulation\zigbee\x64\debug\vc142.pdb
e:\projects\localisation_in_wsn_v12\workspace_localization_wsn\src\simulation\zigbee\x64\debug\zigbee.tlog\cl.command.1.tlog
e:\projects\localisation_in_wsn_v12\workspace_localization_wsn\src\simulation\zigbee\x64\debug\zigbee.tlog\cl.read.1.tlog
e:\projects\localisation_in_wsn_v12\workspace_localization_wsn\src\simulation\zigbee\x64\debug\zigbee.tlog\cl.write.1.tlog
e:\projects\localisation_in_wsn_v12\workspace_localization_wsn\src\simulation\zigbee\x64\debug\zigbee.tlog\link.command.1.tlog
e:\projects\localisation_in_wsn_v12\workspace_localization_wsn\src\simulation\zigbee\x64\debug\zigbee.tlog\link.read.1.tlog
e:\projects\localisation_in_wsn_v12\workspace_localization_wsn\src\simulation\zigbee\x64\debug\zigbee.tlog\link.write.1.tlog
e:\projects\localisation_in_wsn_v12\workspace_localization_wsn\src\simulation\zigbee\x64\debug\zigbee.tlog\zigbee.write.1u.tlog
