e:\projects\localisation_in_wsn_v12\workspace_localization_wsn\src\simulation\zigbee\debug\vc142.pdb
e:\projects\localisation_in_wsn_v12\workspace_localization_wsn\src\simulation\zigbee\debug\vc142.idb
e:\projects\localisation_in_wsn_v12\workspace_localization_wsn\src\simulation\zigbee\debug\unslottedcsmaca.obj
e:\projects\localisation_in_wsn_v12\workspace_localization_wsn\src\simulation\zigbee\debug\superframe.obj
e:\projects\localisation_in_wsn_v12\workspace_localization_wsn\src\simulation\zigbee\debug\slottedcsmaca.obj
e:\projects\localisation_in_wsn_v12\workspace_localization_wsn\src\simulation\zigbee\debug\sinrcalculation.obj
e:\projects\localisation_in_wsn_v12\workspace_localization_wsn\src\simulation\zigbee\debug\locatebackoffboundary.obj
e:\projects\localisation_in_wsn_v12\workspace_localization_wsn\src\simulation\zigbee\debug\localisation.obj
e:\projects\localisation_in_wsn_v12\workspace_localization_wsn\src\simulation\zigbee\debug\changeradiostate.obj
e:\projects\localisation_in_wsn_v12\workspace_localization_wsn\src\simulation\zigbee\debug\cca.obj
e:\projects\localisation_in_wsn_v12\workspace_localization_wsn\src\simulation\zigbee\debug\bercalculation.obj
e:\projects\localisation_in_wsn_v12\workspace_localization_wsn\src\simulation\zigbee\debug\backoffcalculation.obj
e:\projects\localisation_in_wsn_v12\workspace_localization_wsn\src\simulation\zigbee\debug\802_15_4.obj
e:\projects\localisation_in_wsn_v12\workspace_localization_wsn\bin\bin_x86\libzigbee.dll
e:\projects\localisation_in_wsn_v12\workspace_localization_wsn\bin\bin_x86\zigbee.pdb
e:\projects\localisation_in_wsn_v12\workspace_localization_wsn\bin\bin_x86\zigbee.lib
e:\projects\localisation_in_wsn_v12\workspace_localization_wsn\bin\bin_x86\zigbee.exp
e:\projects\localisation_in_wsn_v12\workspace_localization_wsn\src\simulation\zigbee\debug\zigbee.tlog\cl.command.1.tlog
e:\projects\localisation_in_wsn_v12\workspace_localization_wsn\src\simulation\zigbee\debug\zigbee.tlog\cl.read.1.tlog
e:\projects\localisation_in_wsn_v12\workspace_localization_wsn\src\simulation\zigbee\debug\zigbee.tlog\cl.write.1.tlog
e:\projects\localisation_in_wsn_v12\workspace_localization_wsn\src\simulation\zigbee\debug\zigbee.tlog\link.command.1.tlog
e:\projects\localisation_in_wsn_v12\workspace_localization_wsn\src\simulation\zigbee\debug\zigbee.tlog\link.read.1.tlog
e:\projects\localisation_in_wsn_v12\workspace_localization_wsn\src\simulation\zigbee\debug\zigbee.tlog\link.write.1.tlog
e:\projects\localisation_in_wsn_v12\workspace_localization_wsn\src\simulation\zigbee\debug\zigbee.tlog\zigbee.write.1u.tlog
