d:\file exchange\localisation_in_wsn_v12\workspace_localization_wsn\src\simulation\mobility\x64\debug\vc142.pdb
d:\file exchange\localisation_in_wsn_v12\workspace_localization_wsn\src\simulation\mobility\x64\debug\vc142.idb
d:\file exchange\localisation_in_wsn_v12\workspace_localization_wsn\src\simulation\mobility\x64\debug\sumo_interface.obj
d:\file exchange\localisation_in_wsn_v12\workspace_localization_wsn\src\simulation\mobility\x64\debug\nodejoin.obj
d:\file exchange\localisation_in_wsn_v12\workspace_localization_wsn\src\simulation\mobility\x64\debug\mobility.obj
d:\file exchange\localisation_in_wsn_v12\workspace_localization_wsn\src\simulation\mobility\x64\debug\groupmobility.obj
d:\file exchange\localisation_in_wsn_v12\workspace_localization_wsn\src\simulation\mobility\x64\debug\geometry.obj
d:\file exchange\localisation_in_wsn_v12\workspace_localization_wsn\src\simulation\mobility\x64\debug\filebasedmobility.obj
d:\file exchange\localisation_in_wsn_v12\workspace_localization_wsn\src\simulation\mobility\x64\debug\building.obj
d:\file exchange\localisation_in_wsn_v12\workspace_localization_wsn\bin\bin_x64\libmobility.dll
d:\file exchange\localisation_in_wsn_v12\workspace_localization_wsn\bin\bin_x64\mobility.pdb
d:\file exchange\localisation_in_wsn_v12\workspace_localization_wsn\bin\bin_x64\mobility.lib
d:\file exchange\localisation_in_wsn_v12\workspace_localization_wsn\bin\bin_x64\mobility.exp
e:\projects\localisation_in_wsn_v12\workspace_localization_wsn\src\simulation\mobility\x64\debug\building.obj
e:\projects\localisation_in_wsn_v12\workspace_localization_wsn\src\simulation\mobility\x64\debug\filebasedmobility.obj
e:\projects\localisation_in_wsn_v12\workspace_localization_wsn\src\simulation\mobility\x64\debug\geometry.obj
e:\projects\localisation_in_wsn_v12\workspace_localization_wsn\src\simulation\mobility\x64\debug\groupmobility.obj
e:\projects\localisation_in_wsn_v12\workspace_localization_wsn\src\simulation\mobility\x64\debug\mobility.obj
e:\projects\localisation_in_wsn_v12\workspace_localization_wsn\src\simulation\mobility\x64\debug\nodejoin.obj
e:\projects\localisation_in_wsn_v12\workspace_localization_wsn\src\simulation\mobility\x64\debug\sumo_interface.obj
e:\projects\localisation_in_wsn_v12\workspace_localization_wsn\src\simulation\mobility\x64\debug\vc142.idb
e:\projects\localisation_in_wsn_v12\workspace_localization_wsn\src\simulation\mobility\x64\debug\vc142.pdb
e:\projects\localisation_in_wsn_v12\workspace_localization_wsn\src\simulation\mobility\x64\debug\mobility.tlog\cl.command.1.tlog
e:\projects\localisation_in_wsn_v12\workspace_localization_wsn\src\simulation\mobility\x64\debug\mobility.tlog\cl.read.1.tlog
e:\projects\localisation_in_wsn_v12\workspace_localization_wsn\src\simulation\mobility\x64\debug\mobility.tlog\cl.write.1.tlog
e:\projects\localisation_in_wsn_v12\workspace_localization_wsn\src\simulation\mobility\x64\debug\mobility.tlog\link.command.1.tlog
e:\projects\localisation_in_wsn_v12\workspace_localization_wsn\src\simulation\mobility\x64\debug\mobility.tlog\link.read.1.tlog
e:\projects\localisation_in_wsn_v12\workspace_localization_wsn\src\simulation\mobility\x64\debug\mobility.tlog\link.write.1.tlog
e:\projects\localisation_in_wsn_v12\workspace_localization_wsn\src\simulation\mobility\x64\debug\mobility.tlog\mobility.write.1u.tlog
